  CartaSassoForbici.cpp
C:\Users\filip\OneDrive\Desktop\MERDA\Gioco v2019\CartaSassoForbici\gioco.h(149): warning C4244: 'argomento': conversione da 'time_t' a 'unsigned int'. Possibile perdita di dati.
C:\Users\filip\OneDrive\Desktop\MERDA\Gioco v2019\CartaSassoForbici\gioco.h(204): warning C4244: 'argomento': conversione da 'time_t' a 'unsigned int'. Possibile perdita di dati.
C:\Users\filip\OneDrive\Desktop\MERDA\Gioco v2019\CartaSassoForbici\gioco.h(267): warning C4244: 'argomento': conversione da 'time_t' a 'unsigned int'. Possibile perdita di dati.
C:\Users\filip\OneDrive\Desktop\MERDA\Gioco v2019\CartaSassoForbici\gioco.h(330): warning C4244: 'argomento': conversione da 'time_t' a 'unsigned int'. Possibile perdita di dati.
  CartaSassoForbici.vcxproj -> C:\Users\filip\OneDrive\Desktop\MERDA\Gioco v2019\CartaSassoForbici\Debug\CartaSassoForbici.exe

Riepilogo prestazioni progetto:
     1844 ms  C:\Users\filip\OneDrive\Desktop\MERDA\Gioco v2019\CartaSassoForbici\CartaSassoForbici.vcxproj   1 chiamate
               1844 ms  Build                                      1 chiamate

Riepilogo prestazioni destinazione:
        0 ms  AfterResourceCompile                       1 chiamate
        0 ms  ComputeLinkSwitches                        1 chiamate
        0 ms  PreLinkEvent                               1 chiamate
        0 ms  MakeDirsForLink                            1 chiamate
        0 ms  PrepareResourceNames                       1 chiamate
        0 ms  CreateCustomManifestResourceNames          1 chiamate
        0 ms  AssignTargetPaths                          1 chiamate
        0 ms  ComputeManifestInputsTargets               1 chiamate
        0 ms  ComputeLinkInputsFromProject               1 chiamate
        0 ms  ComputeCLGeneratedLinkInputs               1 chiamate
        0 ms  ComputeLinkImportLibraryOutputsForClean    1 chiamate
        0 ms  ComputeCustomBuildOutput                   1 chiamate
        0 ms  ComputeRCGeneratedLinkInputs               1 chiamate
        0 ms  ComputeRCOutputs                           1 chiamate
        0 ms  BeforeLink                                 1 chiamate
        0 ms  ComputeLegacyManifestEmbedding             1 chiamate
        0 ms  BuildCompile                               1 chiamate
        0 ms  _BuildCompileAction                        1 chiamate
        0 ms  AfterBuildCompileEvent                     1 chiamate
        0 ms  _ResourceCompile                           1 chiamate
        0 ms  BeforeResourceCompile                      1 chiamate
        0 ms  ComputeManifestGeneratedLinkerInputs       1 chiamate
        0 ms  AfterLink                                  1 chiamate
        0 ms  _Link                                      1 chiamate
        0 ms  _ALink                                     1 chiamate
        0 ms  AfterBuild                                 1 chiamate
        0 ms  BuildLink                                  1 chiamate
        0 ms  _BuildLinkAction                           1 chiamate
        0 ms  PostBuildEvent                             1 chiamate
        0 ms  PrepareForRun                              1 chiamate
        0 ms  CopyFilesToOutputDirectory                 1 chiamate
        0 ms  _CopySourceItemsToOutputDirectory          1 chiamate
        0 ms  GetCopyToOutputDirectoryItems              1 chiamate
        0 ms  GetCopyToOutputDirectoryXamlAppDefs        1 chiamate
        0 ms  _Deploy                                    1 chiamate
        0 ms  _Appverifier                               1 chiamate
        0 ms  CreateSatelliteAssemblies                  1 chiamate
        0 ms  _GenerateSatelliteAssemblyInputs           1 chiamate
        0 ms  _BscMake                                   1 chiamate
        0 ms  MakeDirsForBscMake                         1 chiamate
        0 ms  ComputeCLCompileGeneratedSbrFiles          1 chiamate
        0 ms  _XdcMake                                   1 chiamate
        0 ms  MakeDirsForXdcMake                         1 chiamate
        0 ms  ComputeCLCompileGeneratedXDCFiles          1 chiamate
        0 ms  ResolvedXDCMake                            1 chiamate
        0 ms  _Manifest                                  1 chiamate
        0 ms  _ClCompile                                 1 chiamate
        0 ms  AfterClCompile                             1 chiamate
        0 ms  Build                                      1 chiamate
        0 ms  SelectClCompile                            1 chiamate
        0 ms  BuildGenerateSourcesTraverse               1 chiamate
        0 ms  ResolveReferences                          1 chiamate
        0 ms  AfterResolveReferences                     1 chiamate
        0 ms  ResolveAssemblyReferences                  1 chiamate
        0 ms  _HandlePackageFileConflicts                1 chiamate
        0 ms  ExpandSDKReferences                        1 chiamate
        0 ms  ResolveSDKReferences                       1 chiamate
        0 ms  SetCABuildNativeEnvironmentVariables       1 chiamate
        0 ms  GetResolvedWinMD                           1 chiamate
        0 ms  SetBuildDefaultEnvironmentVariables        1 chiamate
        0 ms  GetReferenceAssemblyPaths                  1 chiamate
        0 ms  GetFrameworkPaths                          1 chiamate
        0 ms  PrepareProjectReferences                   1 chiamate
        0 ms  _GetProjectReferenceTargetFrameworkProperties   1 chiamate
        0 ms  _SplitProjectReferencesByFileExistence     1 chiamate
        0 ms  BeforeResolveReferences                    1 chiamate
        0 ms  _PrepareForReferenceResolution             1 chiamate
        0 ms  _PrepareForBuild                           1 chiamate
        0 ms  SetTelemetryEnvironmentVariables           1 chiamate
        0 ms  PreBuildEvent                              1 chiamate
        0 ms  _SelectedFiles                             1 chiamate
        0 ms  BeforeBuildGenerateSources                 1 chiamate
        0 ms  BuildGenerateSources                       1 chiamate
        0 ms  SelectCustomBuild                          1 chiamate
        0 ms  MakeDirsForMidl                            1 chiamate
        0 ms  BeforeClCompile                            1 chiamate
        0 ms  BuildCompileTraverse                       1 chiamate
        0 ms  ComputeReferenceCLInput                    1 chiamate
        0 ms  ComputeMIDLGeneratedCompileInputs          1 chiamate
        0 ms  FixupCLCompileOptions                      1 chiamate
        0 ms  AfterMidl                                  1 chiamate
        0 ms  _Midl                                      1 chiamate
        0 ms  ComputeCLInputPDBName                      1 chiamate
        0 ms  AfterBuildGenerateSources                  1 chiamate
        0 ms  _Xsd                                       1 chiamate
        0 ms  AfterBuildGenerateSourcesEvent             1 chiamate
        0 ms  _BuildGenerateSourcesAction                1 chiamate
        0 ms  WarnCompileDuplicatedFilename              1 chiamate
        1 ms  BuildLinkTraverse                          1 chiamate
        1 ms  _CheckForCompileOutputs                    1 chiamate
        1 ms  MakeDirsForResourceCompile                 1 chiamate
        1 ms  AssignProjectConfiguration                 1 chiamate
        1 ms  RegisterOutput                             1 chiamate
        1 ms  FinalizeBuildStatus                        1 chiamate
        1 ms  CopyFileToFolders                          1 chiamate
        1 ms  SplitResourcesByCulture                    1 chiamate
        1 ms  ComputeCLOutputs                           1 chiamate
        1 ms  MakeDirsForCl                              1 chiamate
        1 ms  DoLinkOutputFilesMatch                     1 chiamate
        1 ms  ResolveProjectReferences                   1 chiamate
        1 ms  _CheckWindowsSDKInstalled                  1 chiamate
        2 ms  _CheckForInvalidConfigurationAndPlatform   1 chiamate
        2 ms  PrepareForBuild                            1 chiamate
        3 ms  InitializeBuildStatus                      1 chiamate
      527 ms  Link                                       1 chiamate
     1295 ms  ClCompile                                  1 chiamate
